<?xml version="1.0" encoding="UTF-8"?>
<testsuite xmlns:xsi="http://www.w3.org/2001/XMLSchema-instance" xsi:noNamespaceSchemaLocation="https://maven.apache.org/surefire/maven-surefire-plugin/xsd/surefire-test-report-3.0.xsd" version="3.0" name="com.example.logindemo2.Logindemo2ApplicationTests" time="2.854" tests="1" errors="0" skipped="0" failures="0">
  <properties>
[...]
</properties>
  <testcase name="contextLoads" classname="com.example.logindemo2.Logindemo2ApplicationTests" time="0.959">
    <system-out><![CDATA[14:23:29.872 [main] INFO org.springframework.test.context.support.AnnotationConfigContextLoaderUtils -- Could not detect default configuration classes for test class [com.example.logindemo2.Logindemo2ApplicationTests]: Logindemo2ApplicationTests does not declare any static, non-private, non-final, nested classes annotated with @Configuration.
14:23:29.946 [main] INFO org.springframework.boot.test.context.SpringBootTestContextBootstrapper -- Found @SpringBootConfiguration com.example.logindemo2.Logindemo2Application for test class com.example.logindemo2.Logindemo2ApplicationTests

  .   ____          _            __ _ _
 /\\ / ___'_ __ _ _(_)_ __  __ _ \ \ \ \
( ( )\___ | '_ | '_| | '_ \/ _` | \ \ \ \
 \\/  ___)| |_)| | | | | || (_| |  ) ) ) )
  '  |____| .__|_| |_|_| |_\__, | / / / /
 =========|_|==============|___/=/_/_/_/
 :: Spring Boot ::                (v3.1.0)

2023-06-16T14:23:30.226+08:00  INFO 28632 --- [           main] c.e.l.Logindemo2ApplicationTests         : Starting Logindemo2ApplicationTests using Java 17.0.3.1 with PID 28632 (started by oyy in D:\javadaima\JavaWeb\logindemo2)
2023-06-16T14:23:30.227+08:00  INFO 28632 --- [           main] c.e.l.Logindemo2ApplicationTests         : No active profile set, falling back to 1 default profile: "default"
Logging initialized using 'class org.apache.ibatis.logging.stdout.StdOutImpl' adapter.
Property 'mapperLocations' was not specified.
 _ _   |_  _ _|_. ___ _ |    _ 
| | |\/|_)(_| | |_\  |_)||_|_\ 
     /               |         
                        3.5.3 
2023-06-16T14:23:31.438+08:00  INFO 28632 --- [           main] o.s.b.a.w.s.WelcomePageHandlerMapping    : Adding welcome page: class path resource [static/index.html]
2023-06-16T14:23:31.643+08:00  INFO 28632 --- [           main] c.e.l.Logindemo2ApplicationTests         : Started Logindemo2ApplicationTests in 1.593 seconds (process running for 2.564)
Creating a new SqlSession
SqlSession [org.apache.ibatis.session.defaults.DefaultSqlSession@31693a86] was not registered for synchronization because synchronization is not active
2023-06-16T14:23:32.424+08:00  INFO 28632 --- [           main] com.zaxxer.hikari.HikariDataSource       : HikariPool-1 - Starting...
2023-06-16T14:23:32.548+08:00  INFO 28632 --- [           main] com.zaxxer.hikari.pool.HikariPool        : HikariPool-1 - Added connection com.mysql.cj.jdbc.ConnectionImpl@4ffe3d42
2023-06-16T14:23:32.550+08:00  INFO 28632 --- [           main] com.zaxxer.hikari.HikariDataSource       : HikariPool-1 - Start completed.
JDBC Connection [HikariProxyConnection@125992315 wrapping com.mysql.cj.jdbc.ConnectionImpl@4ffe3d42] will not be managed by Spring
==>  Preparing: SELECT id,username,password,usertype,gender,entry_date,hobby,email,introduce FROM user WHERE id=?
==> Parameters: 1(Integer)
<==    Columns: id, username, password, usertype, gender, entry_date, hobby, email, introduce
<==        Row: 1, root, 1234, 1, 1, 2023-06-15 23:49:08, xixi, 2946@qq.com, code
<==      Total: 1
Closing non transactional SqlSession [org.apache.ibatis.session.defaults.DefaultSqlSession@31693a86]
User(id=1, username=root, password=1234, usertype=1, gender=1, entryDate=2023-06-15 23:49:08, hobby=xixi, email=2946@qq.com, introduce=code)
]]></system-out>
  </testcase>
</testsuite>